  Card.cpp
  NetworkClient.cpp
  main.cpp
D:\курсач кпо\PokerGraph\main.cpp(56,8): warning C4244: инициализация: преобразование "double" в "int", возможна потеря данных
D:\курсач кпо\PokerGraph\main.cpp(89,73): warning C4244: аргумент: преобразование "T" в "T", возможна потеря данных
          with
          [
              T=unsigned int
          ]
          and
          [
              T=float
          ]
D:\курсач кпо\PokerGraph\main.cpp(89,35): warning C4244: аргумент: преобразование "T" в "T", возможна потеря данных
          with
          [
              T=unsigned int
          ]
          and
          [
              T=float
          ]
D:\курсач кпо\PokerGraph\main.cpp(332,100): warning C4244: аргумент: преобразование "T" в "T", возможна потеря данных
          with
          [
              T=unsigned int
          ]
          and
          [
              T=float
          ]
D:\курсач кпо\PokerGraph\main.cpp(332,55): warning C4244: аргумент: преобразование "double" в "T", возможна потеря данных
          with
          [
              T=float
          ]
D:\курсач кпо\PokerGraph\main.cpp(649,30): warning C4244: аргумент: преобразование "T" в "float", возможна потеря данных
          with
          [
              T=unsigned int
          ]
D:\курсач кпо\PokerGraph\main.cpp(657,32): warning C4244: аргумент: преобразование "T" в "float", возможна потеря данных
          with
          [
              T=unsigned int
          ]
D:\курсач кпо\PokerGraph\main.cpp(660,54): warning C4244: аргумент: преобразование "T" в "T", возможна потеря данных
          with
          [
              T=unsigned int
          ]
          and
          [
              T=float
          ]
D:\курсач кпо\PokerGraph\main.cpp(660,36): warning C4244: аргумент: преобразование "T" в "T", возможна потеря данных
          with
          [
              T=unsigned int
          ]
          and
          [
              T=float
          ]
D:\курсач кпо\PokerGraph\main.cpp(661,55): warning C4244: аргумент: преобразование "T" в "T", возможна потеря данных
          with
          [
              T=unsigned int
          ]
          and
          [
              T=float
          ]
D:\курсач кпо\PokerGraph\main.cpp(661,41): warning C4244: аргумент: преобразование "T" в "T", возможна потеря данных
          with
          [
              T=unsigned int
          ]
          and
          [
              T=float
          ]
D:\курсач кпо\PokerGraph\main.cpp(662,53): warning C4244: аргумент: преобразование "T" в "T", возможна потеря данных
          with
          [
              T=unsigned int
          ]
          and
          [
              T=float
          ]
D:\курсач кпо\PokerGraph\main.cpp(662,35): warning C4244: аргумент: преобразование "T" в "T", возможна потеря данных
          with
          [
              T=unsigned int
          ]
          and
          [
              T=float
          ]
D:\курсач кпо\PokerGraph\main.cpp(663,53): warning C4244: аргумент: преобразование "T" в "T", возможна потеря данных
          with
          [
              T=unsigned int
          ]
          and
          [
              T=float
          ]
D:\курсач кпо\PokerGraph\main.cpp(663,36): warning C4244: аргумент: преобразование "T" в "T", возможна потеря данных
          with
          [
              T=unsigned int
          ]
          and
          [
              T=float
          ]
D:\курсач кпо\PokerGraph\main.cpp(665,68): warning C4244: аргумент: преобразование "T" в "T", возможна потеря данных
          with
          [
              T=unsigned int
          ]
          and
          [
              T=float
          ]
D:\курсач кпо\PokerGraph\main.cpp(666,68): warning C4244: аргумент: преобразование "T" в "T", возможна потеря данных
          with
          [
              T=unsigned int
          ]
          and
          [
              T=float
          ]
D:\курсач кпо\PokerGraph\main.cpp(675,45): warning C4244: аргумент: преобразование "T" в "T", возможна потеря данных
          with
          [
              T=unsigned int
          ]
          and
          [
              T=float
          ]
D:\курсач кпо\PokerGraph\main.cpp(675,29): warning C4244: аргумент: преобразование "T" в "T", возможна потеря данных
          with
          [
              T=unsigned int
          ]
          and
          [
              T=float
          ]
D:\курсач кпо\PokerGraph\main.cpp(692,41): warning C4244: аргумент: преобразование "T" в "float", возможна потеря данных
          with
          [
              T=unsigned int
          ]
D:\курсач кпо\PokerGraph\main.cpp(692,25): warning C4244: аргумент: преобразование "T" в "float", возможна потеря данных
          with
          [
              T=unsigned int
          ]
D:\курсач кпо\PokerGraph\main.cpp(1025,102): warning C4244: аргумент: преобразование "unsigned int" в "T", возможна потеря данных
          with
          [
              T=float
          ]
D:\курсач кпо\PokerGraph\main.cpp(1025,67): warning C4244: аргумент: преобразование "unsigned int" в "T", возможна потеря данных
          with
          [
              T=float
          ]
D:\курсач кпо\PokerGraph\main.cpp(1076,17): warning C4244: аргумент: преобразование "unsigned __int64" в "float", возможна потеря данных
  Создание кода
  104 of 417 functions (24.9%) were compiled, the rest were copied from previous compilation.
    17 functions were new in current compilation
    18 functions had inline decision re-evaluated but remain unchanged
  Создание кода завершено
  PokerGraph.vcxproj -> D:\курсач кпо\PokerGraph\x64\Release\PokerGraph.exe
